=== Starting neuros at Wed Aug 13 02:39:06 PDT 2025 ===
Command: npm run dev
Log file: /Users/oliver/gh/neuros/logs/neuros_20250813_023906.log
==========================================

> neuros@0.1.0 dev
> next dev

 ⚠ Port 3000 is in use by process 65363, using available port 3001 instead.
   ▲ Next.js 15.4.6
   - Local:        http://localhost:3001
   - Network:      http://192.168.10.48:3001
   - Environments: .env.local, .env
   - Experiments (use with caution):
     · optimizePackageImports

 ✓ Starting...
 ✓ Ready in 912ms
 ✓ Compiled /middleware in 104ms (180 modules)
 ○ Compiling /dashboard ...
 ✓ Compiled /dashboard in 1306ms (1772 modules)
[2025-08-13T09:39:10.407Z] [INFO] Dashboard loaded {
  userId: '1a996f40-e8a7-427e-8728-88509f201193',
  action: 'dashboard_load_success'
}
 ✓ Compiled in 516ms (596 modules)
 GET /dashboard 200 in 1857ms
 ✓ Compiled /icon.svg in 114ms (1193 modules)
 GET /icon.svg 200 in 199ms
 POST /dashboard 200 in 147ms
 POST /dashboard 200 in 12ms
 POST /dashboard 200 in 18ms
[2025-08-13T09:39:19.661Z] [INFO] Dashboard loaded {
  userId: '1a996f40-e8a7-427e-8728-88509f201193',
  action: 'dashboard_load_success'
}
 GET /dashboard 200 in 218ms
 GET /icon.svg 200 in 6ms
 POST /dashboard 200 in 19ms
 POST /dashboard 200 in 13ms
 POST /dashboard 200 in 18ms
[2025-08-13T09:39:20.782Z] [INFO] Dashboard loaded {
  userId: '1a996f40-e8a7-427e-8728-88509f201193',
  action: 'dashboard_load_success'
}
 GET /dashboard 200 in 39ms
 GET /icon.svg 200 in 4ms
 POST /dashboard 200 in 16ms
 POST /dashboard 200 in 11ms
 POST /dashboard 200 in 18ms
[2025-08-13T09:39:21.826Z] [INFO] Dashboard loaded {
  userId: '1a996f40-e8a7-427e-8728-88509f201193',
  action: 'dashboard_load_success'
}
 GET /dashboard 200 in 38ms
 GET /icon.svg 200 in 5ms
 POST /dashboard 200 in 18ms
 POST /dashboard 200 in 11ms
 POST /dashboard 200 in 21ms
[2025-08-13T09:39:22.835Z] [INFO] Dashboard loaded {
  userId: '1a996f40-e8a7-427e-8728-88509f201193',
  action: 'dashboard_load_success'
}
 GET /dashboard 200 in 32ms
 GET /icon.svg 200 in 5ms
 POST /dashboard 200 in 17ms
 POST /dashboard 200 in 11ms
 POST /dashboard 200 in 30ms
[2025-08-13T09:39:24.321Z] [INFO] Dashboard loaded {
  userId: '1a996f40-e8a7-427e-8728-88509f201193',
  action: 'dashboard_load_success'
}
 GET /dashboard 200 in 36ms
 ✓ Compiled in 277ms (1789 modules)
 GET /icon.svg 200 in 27ms
 POST /dashboard 200 in 130ms
 POST /dashboard 200 in 12ms
 POST /dashboard 200 in 18ms
[2025-08-13T09:39:25.591Z] [INFO] Dashboard loaded {
  userId: '1a996f40-e8a7-427e-8728-88509f201193',
  action: 'dashboard_load_success'
}
 GET /dashboard 200 in 177ms
 GET /icon.svg 200 in 5ms
 POST /dashboard 200 in 17ms
 POST /dashboard 200 in 13ms
 POST /dashboard 200 in 16ms
[2025-08-13T09:39:26.927Z] [INFO] Dashboard loaded {
  userId: '1a996f40-e8a7-427e-8728-88509f201193',
  action: 'dashboard_load_success'
}
 GET /dashboard 200 in 36ms
 GET /icon.svg 200 in 7ms
 POST /dashboard 200 in 21ms
 POST /dashboard 200 in 10ms
 POST /dashboard 200 in 15ms
[2025-08-13T09:39:28.376Z] [INFO] Dashboard loaded {
  userId: '1a996f40-e8a7-427e-8728-88509f201193',
  action: 'dashboard_load_success'
}
 GET /dashboard 200 in 32ms
 GET /icon.svg 200 in 6ms
 POST /dashboard 200 in 18ms
 POST /dashboard 200 in 12ms
 POST /dashboard 200 in 14ms
[2025-08-13T09:39:30.215Z] [INFO] Dashboard loaded {
  userId: '1a996f40-e8a7-427e-8728-88509f201193',
  action: 'dashboard_load_success'
}
 GET /dashboard 200 in 47ms
 GET /icon.svg 200 in 4ms
 POST /dashboard 200 in 14ms
 POST /dashboard 200 in 9ms
 POST /dashboard 200 in 22ms
 ✓ Compiled in 172ms (1789 modules)
[2025-08-13T09:39:31.625Z] [INFO] Dashboard loaded {
  userId: '1a996f40-e8a7-427e-8728-88509f201193',
  action: 'dashboard_load_success'
}
 GET /dashboard 200 in 68ms
 POST /dashboard 200 in 74ms
 POST /dashboard 200 in 9ms
 POST /dashboard 200 in 15ms
 ✓ Compiled /favicon.ico in 91ms (1195 modules)
 GET /icon.svg 200 in 166ms
 GET /favicon.ico 200 in 187ms
 GET /icon.svg 200 in 107ms
[2025-08-13T09:39:32.075Z] [INFO] Dashboard loaded {
  userId: '1a996f40-e8a7-427e-8728-88509f201193',
  action: 'dashboard_load_success'
}
 GET /icon.svg 200 in 62ms
 GET /dashboard 200 in 334ms
 GET /favicon.ico 200 in 5ms
 GET /icon.svg 200 in 19ms
 POST /dashboard 200 in 69ms
 POST /dashboard 200 in 10ms
 POST /dashboard 200 in 15ms
 ✓ Compiled in 180ms (1791 modules)
[2025-08-13T09:39:37.292Z] [INFO] Dashboard loaded {
  userId: '1a996f40-e8a7-427e-8728-88509f201193',
  action: 'dashboard_load_success'
}
 GET /dashboard 200 in 65ms
 POST /dashboard 200 in 76ms
 POST /dashboard 200 in 9ms
 POST /dashboard 200 in 15ms
 GET /favicon.ico 200 in 19ms
 GET /icon.svg 200 in 20ms
 GET /icon.svg 200 in 4ms
 GET /icon.svg 200 in 3ms
 GET /icon.svg 200 in 2ms
 GET /icon.svg 200 in 2ms
[2025-08-13T09:39:38.947Z] [INFO] Dashboard loaded {
  userId: '1a996f40-e8a7-427e-8728-88509f201193',
  action: 'dashboard_load_success'
}
 GET /dashboard 200 in 111ms
 GET /icon.svg 200 in 3ms
 POST /dashboard 200 in 18ms
 POST /dashboard 200 in 12ms
 POST /dashboard 200 in 16ms
 ✓ Compiled in 207ms (1791 modules)
 ⨯ [Error: ENOENT: no such file or directory, open '/Users/oliver/gh/neuros/.next/routes-manifest.json'] {
  errno: -2,
  code: 'ENOENT',
  syscall: 'open',
  path: '/Users/oliver/gh/neuros/.next/routes-manifest.json',
  page: '/dashboard'
}
 ✓ Compiled /_error in 311ms (2105 modules)
 ⨯ [Error: ENOENT: no such file or directory, open '/Users/oliver/gh/neuros/.next/routes-manifest.json'] {
  errno: -2,
  code: 'ENOENT',
  syscall: 'open',
  path: '/Users/oliver/gh/neuros/.next/routes-manifest.json'
}
 GET /dashboard 500 in 1115ms
 ⨯ [Error: ENOENT: no such file or directory, open '/Users/oliver/gh/neuros/.next/routes-manifest.json'] {
  errno: -2,
  code: 'ENOENT',
  syscall: 'open',
  path: '/Users/oliver/gh/neuros/.next/routes-manifest.json',
  page: '/dashboard'
}
 ⨯ [Error: ENOENT: no such file or directory, open '/Users/oliver/gh/neuros/.next/routes-manifest.json'] {
  errno: -2,
  code: 'ENOENT',
  syscall: 'open',
  path: '/Users/oliver/gh/neuros/.next/routes-manifest.json'
}
 GET /dashboard 500 in 355ms
 ⨯ [Error: ENOENT: no such file or directory, open '/Users/oliver/gh/neuros/.next/routes-manifest.json'] {
  errno: -2,
  code: 'ENOENT',
  syscall: 'open',
  path: '/Users/oliver/gh/neuros/.next/routes-manifest.json',
  page: '/dashboard'
}
 ⨯ [Error: ENOENT: no such file or directory, open '/Users/oliver/gh/neuros/.next/routes-manifest.json'] {
  errno: -2,
  code: 'ENOENT',
  syscall: 'open',
  path: '/Users/oliver/gh/neuros/.next/routes-manifest.json'
}
 GET /dashboard 500 in 303ms

=== Session ended at Wed Aug 13 02:39:56 PDT 2025 ===
