=== Starting neuros at Wed Aug 13 00:56:04 PDT 2025 ===
Command: npm run dev
Log file: /Users/oliver/gh/neuros/logs/neuros_20250813_005604.log
==========================================

> neuros@0.1.0 dev
> next dev

   ▲ Next.js 15.4.6
   - Local:        http://localhost:3000
   - Network:      http://192.168.10.48:3000
   - Environments: .env.local, .env
   - Experiments (use with caution):
     · optimizePackageImports

 ✓ Starting...
 ✓ Ready in 934ms
 ○ Compiling /_not-found ...
 ✓ Compiled /_not-found in 858ms (1282 modules)
 ⚠ Fast Refresh had to perform a full reload due to a runtime error.
 GET /_next/static/webpack/a296d9f04031fdb6.webpack.hot-update.json 404 in 1176ms
 ⚠ Fast Refresh had to perform a full reload due to a runtime error.
 GET /_next/static/webpack/a296d9f04031fdb6.webpack.hot-update.json 404 in 58ms
 ✓ Compiled /middleware in 380ms (750 modules)
Error: fetch failed
    at context.fetch (/Users/oliver/gh/neuros/node_modules/next/dist/server/web/sandbox/context.js:321:60)
    at eval (webpack-internal:///(middleware)/./node_modules/@supabase/auth-js/dist/module/lib/helpers.js:113:25)
    at _handleRequest (webpack-internal:///(middleware)/./node_modules/@supabase/auth-js/dist/module/lib/fetch.js:115:24)
    at _request (webpack-internal:///(middleware)/./node_modules/@supabase/auth-js/dist/module/lib/fetch.js:105:24)
    at eval (webpack-internal:///(middleware)/./node_modules/@supabase/auth-js/dist/module/GoTrueClient.js:909:82)
    at SupabaseAuthClient._useSession (webpack-internal:///(middleware)/./node_modules/@supabase/auth-js/dist/module/GoTrueClient.js:804:26)
    at async SupabaseAuthClient._getUser (webpack-internal:///(middleware)/./node_modules/@supabase/auth-js/dist/module/GoTrueClient.js:899:20)
    at async eval (webpack-internal:///(middleware)/./node_modules/@supabase/auth-js/dist/module/GoTrueClient.js:886:20)
    at async eval (webpack-internal:///(middleware)/./node_modules/@supabase/auth-js/dist/module/GoTrueClient.js:749:28) {
  
}
 ○ Compiling /dashboard ...
Error: fetch failed
    at context.fetch (/Users/oliver/gh/neuros/node_modules/next/dist/server/web/sandbox/context.js:321:60)
    at eval (webpack-internal:///(middleware)/./node_modules/@supabase/auth-js/dist/module/lib/helpers.js:113:25)
    at _handleRequest (webpack-internal:///(middleware)/./node_modules/@supabase/auth-js/dist/module/lib/fetch.js:115:24)
    at _request (webpack-internal:///(middleware)/./node_modules/@supabase/auth-js/dist/module/lib/fetch.js:105:24)
    at eval (webpack-internal:///(middleware)/./node_modules/@supabase/auth-js/dist/module/GoTrueClient.js:909:82)
    at SupabaseAuthClient._useSession (webpack-internal:///(middleware)/./node_modules/@supabase/auth-js/dist/module/GoTrueClient.js:804:26)
    at async SupabaseAuthClient._getUser (webpack-internal:///(middleware)/./node_modules/@supabase/auth-js/dist/module/GoTrueClient.js:899:20)
    at async eval (webpack-internal:///(middleware)/./node_modules/@supabase/auth-js/dist/module/GoTrueClient.js:886:20)
    at async eval (webpack-internal:///(middleware)/./node_modules/@supabase/auth-js/dist/module/GoTrueClient.js:749:28) {
  
}
 ✓ Compiled /dashboard in 1209ms (3126 modules)
[TypeError: fetch failed] {
  [cause]: Error: connect ECONNREFUSED 127.0.0.1:54321
      at <unknown> (Error: connect ECONNREFUSED 127.0.0.1:54321) {
    errno: -61,
    code: 'ECONNREFUSED',
    syscall: 'connect',
    address: '127.0.0.1',
    port: 54321
  }
}
[TypeError: fetch failed] {
  [cause]: Error: connect ECONNREFUSED 127.0.0.1:54321
      at <unknown> (Error: connect ECONNREFUSED 127.0.0.1:54321) {
    errno: -61,
    code: 'ECONNREFUSED',
    syscall: 'connect',
    address: '127.0.0.1',
    port: 54321
  }
}
[2025-08-13T07:56:08.815Z] [ERROR] Dashboard auth error {
  error: [Error [AuthRetryableFetchError]: fetch failed] {
    __isAuthError: true,
    status: 0,
    code: undefined
  },
  action: 'dashboard_load'
}
AuthRetryableFetchError: fetch failed
    at _handleRequest (webpack-internal:///(rsc)/./node_modules/@supabase/auth-js/dist/module/lib/fetch.js:120:15)
    at process.processTicksAndRejections (node:internal/process/task_queues:105:5)
    at async _request (webpack-internal:///(rsc)/./node_modules/@supabase/auth-js/dist/module/lib/fetch.js:105:18)
    at async eval (webpack-internal:///(rsc)/./node_modules/@supabase/auth-js/dist/module/GoTrueClient.js:909:24)
    at async SupabaseAuthClient._useSession (webpack-internal:///(rsc)/./node_modules/@supabase/auth-js/dist/module/GoTrueClient.js:804:20)
    at async SupabaseAuthClient._getUser (webpack-internal:///(rsc)/./node_modules/@supabase/auth-js/dist/module/GoTrueClient.js:899:20)
    at async eval (webpack-internal:///(rsc)/./node_modules/@supabase/auth-js/dist/module/GoTrueClient.js:886:20)
    at async eval (webpack-internal:///(rsc)/./node_modules/@supabase/auth-js/dist/module/GoTrueClient.js:749:28)
[TypeError: fetch failed] {
  [cause]: Error: connect ECONNREFUSED 127.0.0.1:54321
      at <unknown> (Error: connect ECONNREFUSED 127.0.0.1:54321) {
    errno: -61,
    code: 'ECONNREFUSED',
    syscall: 'connect',
    address: '127.0.0.1',
    port: 54321
  }
}
[TypeError: fetch failed] {
  [cause]: Error: connect ECONNREFUSED 127.0.0.1:54321
      at <unknown> (Error: connect ECONNREFUSED 127.0.0.1:54321) {
    errno: -61,
    code: 'ECONNREFUSED',
    syscall: 'connect',
    address: '127.0.0.1',
    port: 54321
  }
}
[2025-08-13T07:56:08.820Z] [ERROR] Dashboard auth error {
  error: [Error [AuthRetryableFetchError]: fetch failed] {
    __isAuthError: true,
    status: 0,
    code: undefined
  },
  action: 'dashboard_load'
}
AuthRetryableFetchError: fetch failed
    at _handleRequest (webpack-internal:///(rsc)/./node_modules/@supabase/auth-js/dist/module/lib/fetch.js:120:15)
    at process.processTicksAndRejections (node:internal/process/task_queues:105:5)
    at async _request (webpack-internal:///(rsc)/./node_modules/@supabase/auth-js/dist/module/lib/fetch.js:105:18)
    at async eval (webpack-internal:///(rsc)/./node_modules/@supabase/auth-js/dist/module/GoTrueClient.js:909:24)
    at async SupabaseAuthClient._useSession (webpack-internal:///(rsc)/./node_modules/@supabase/auth-js/dist/module/GoTrueClient.js:804:20)
    at async SupabaseAuthClient._getUser (webpack-internal:///(rsc)/./node_modules/@supabase/auth-js/dist/module/GoTrueClient.js:899:20)
    at async eval (webpack-internal:///(rsc)/./node_modules/@supabase/auth-js/dist/module/GoTrueClient.js:886:20)
    at async eval (webpack-internal:///(rsc)/./node_modules/@supabase/auth-js/dist/module/GoTrueClient.js:749:28)
 ⚠ Fast Refresh had to perform a full reload due to a runtime error.
Error: fetch failed
    at context.fetch (/Users/oliver/gh/neuros/node_modules/next/dist/server/web/sandbox/context.js:321:60)
    at eval (webpack-internal:///(middleware)/./node_modules/@supabase/auth-js/dist/module/lib/helpers.js:113:25)
    at _handleRequest (webpack-internal:///(middleware)/./node_modules/@supabase/auth-js/dist/module/lib/fetch.js:115:24)
    at _request (webpack-internal:///(middleware)/./node_modules/@supabase/auth-js/dist/module/lib/fetch.js:105:24)
    at eval (webpack-internal:///(middleware)/./node_modules/@supabase/auth-js/dist/module/GoTrueClient.js:909:82)
    at SupabaseAuthClient._useSession (webpack-internal:///(middleware)/./node_modules/@supabase/auth-js/dist/module/GoTrueClient.js:804:26)
    at async SupabaseAuthClient._getUser (webpack-internal:///(middleware)/./node_modules/@supabase/auth-js/dist/module/GoTrueClient.js:899:20)
    at async eval (webpack-internal:///(middleware)/./node_modules/@supabase/auth-js/dist/module/GoTrueClient.js:886:20)
    at async eval (webpack-internal:///(middleware)/./node_modules/@supabase/auth-js/dist/module/GoTrueClient.js:749:28) {
  
}
 GET /dashboard 307 in 486ms
 GET /_next/static/webpack/a296d9f04031fdb6.webpack.hot-update.json 404 in 265ms
Error: fetch failed
    at context.fetch (/Users/oliver/gh/neuros/node_modules/next/dist/server/web/sandbox/context.js:321:60)
    at eval (webpack-internal:///(middleware)/./node_modules/@supabase/auth-js/dist/module/lib/helpers.js:113:25)
    at _handleRequest (webpack-internal:///(middleware)/./node_modules/@supabase/auth-js/dist/module/lib/fetch.js:115:24)
    at _request (webpack-internal:///(middleware)/./node_modules/@supabase/auth-js/dist/module/lib/fetch.js:105:24)
    at eval (webpack-internal:///(middleware)/./node_modules/@supabase/auth-js/dist/module/GoTrueClient.js:909:82)
    at SupabaseAuthClient._useSession (webpack-internal:///(middleware)/./node_modules/@supabase/auth-js/dist/module/GoTrueClient.js:804:26)
    at async SupabaseAuthClient._getUser (webpack-internal:///(middleware)/./node_modules/@supabase/auth-js/dist/module/GoTrueClient.js:899:20)
    at async eval (webpack-internal:///(middleware)/./node_modules/@supabase/auth-js/dist/module/GoTrueClient.js:886:20)
    at async eval (webpack-internal:///(middleware)/./node_modules/@supabase/auth-js/dist/module/GoTrueClient.js:749:28) {
  
}
 ✓ Compiled /signin in 481ms (3279 modules)
 ⚠ Fast Refresh had to perform a full reload due to a runtime error.
 GET /dashboard 200 in 701ms
[TypeError: fetch failed] {
  [cause]: Error: connect ECONNREFUSED 127.0.0.1:54321
      at <unknown> (Error: connect ECONNREFUSED 127.0.0.1:54321) {
    errno: -61,
    code: 'ECONNREFUSED',
    syscall: 'connect',
    address: '127.0.0.1',
    port: 54321
  }
}
[TypeError: fetch failed] {
  [cause]: Error: connect ECONNREFUSED 127.0.0.1:54321
      at <unknown> (Error: connect ECONNREFUSED 127.0.0.1:54321) {
    errno: -61,
    code: 'ECONNREFUSED',
    syscall: 'connect',
    address: '127.0.0.1',
    port: 54321
  }
}
[2025-08-13T07:56:09.684Z] [ERROR] Dashboard auth error {
  error: [Error [AuthRetryableFetchError]: fetch failed] {
    __isAuthError: true,
    status: 0,
    code: undefined
  },
  action: 'dashboard_load'
}
AuthRetryableFetchError: fetch failed
    at _handleRequest (webpack-internal:///(rsc)/./node_modules/@supabase/auth-js/dist/module/lib/fetch.js:120:15)
    at process.processTicksAndRejections (node:internal/process/task_queues:105:5)
    at async _request (webpack-internal:///(rsc)/./node_modules/@supabase/auth-js/dist/module/lib/fetch.js:105:18)
    at async eval (webpack-internal:///(rsc)/./node_modules/@supabase/auth-js/dist/module/GoTrueClient.js:909:24)
    at async SupabaseAuthClient._useSession (webpack-internal:///(rsc)/./node_modules/@supabase/auth-js/dist/module/GoTrueClient.js:804:20)
    at async SupabaseAuthClient._getUser (webpack-internal:///(rsc)/./node_modules/@supabase/auth-js/dist/module/GoTrueClient.js:899:20)
    at async eval (webpack-internal:///(rsc)/./node_modules/@supabase/auth-js/dist/module/GoTrueClient.js:886:20)
    at async eval (webpack-internal:///(rsc)/./node_modules/@supabase/auth-js/dist/module/GoTrueClient.js:749:28)
 GET /_next/static/webpack/a296d9f04031fdb6.webpack.hot-update.json 404 in 470ms
Error: fetch failed
    at context.fetch (/Users/oliver/gh/neuros/node_modules/next/dist/server/web/sandbox/context.js:321:60)
    at eval (webpack-internal:///(middleware)/./node_modules/@supabase/auth-js/dist/module/lib/helpers.js:113:25)
    at _handleRequest (webpack-internal:///(middleware)/./node_modules/@supabase/auth-js/dist/module/lib/fetch.js:115:24)
    at _request (webpack-internal:///(middleware)/./node_modules/@supabase/auth-js/dist/module/lib/fetch.js:105:24)
    at eval (webpack-internal:///(middleware)/./node_modules/@supabase/auth-js/dist/module/GoTrueClient.js:909:82)
    at SupabaseAuthClient._useSession (webpack-internal:///(middleware)/./node_modules/@supabase/auth-js/dist/module/GoTrueClient.js:804:26)
    at async SupabaseAuthClient._getUser (webpack-internal:///(middleware)/./node_modules/@supabase/auth-js/dist/module/GoTrueClient.js:899:20)
    at async eval (webpack-internal:///(middleware)/./node_modules/@supabase/auth-js/dist/module/GoTrueClient.js:886:20)
    at async eval (webpack-internal:///(middleware)/./node_modules/@supabase/auth-js/dist/module/GoTrueClient.js:749:28) {
  
}
[TypeError: fetch failed] {
  [cause]: Error: connect ECONNREFUSED 127.0.0.1:54321
      at <unknown> (Error: connect ECONNREFUSED 127.0.0.1:54321) {
    errno: -61,
    code: 'ECONNREFUSED',
    syscall: 'connect',
    address: '127.0.0.1',
    port: 54321
  }
}
[TypeError: fetch failed] {
  [cause]: Error: connect ECONNREFUSED 127.0.0.1:54321
      at <unknown> (Error: connect ECONNREFUSED 127.0.0.1:54321) {
    errno: -61,
    code: 'ECONNREFUSED',
    syscall: 'connect',
    address: '127.0.0.1',
    port: 54321
  }
}
[2025-08-13T07:56:09.771Z] [ERROR] Dashboard auth error {
  error: [Error [AuthRetryableFetchError]: fetch failed] {
    __isAuthError: true,
    status: 0,
    code: undefined
  },
  action: 'dashboard_load'
}
AuthRetryableFetchError: fetch failed
    at _handleRequest (webpack-internal:///(rsc)/./node_modules/@supabase/auth-js/dist/module/lib/fetch.js:120:15)
    at process.processTicksAndRejections (node:internal/process/task_queues:105:5)
    at async _request (webpack-internal:///(rsc)/./node_modules/@supabase/auth-js/dist/module/lib/fetch.js:105:18)
    at async eval (webpack-internal:///(rsc)/./node_modules/@supabase/auth-js/dist/module/GoTrueClient.js:909:24)
    at async SupabaseAuthClient._useSession (webpack-internal:///(rsc)/./node_modules/@supabase/auth-js/dist/module/GoTrueClient.js:804:20)
    at async SupabaseAuthClient._getUser (webpack-internal:///(rsc)/./node_modules/@supabase/auth-js/dist/module/GoTrueClient.js:899:20)
    at async eval (webpack-internal:///(rsc)/./node_modules/@supabase/auth-js/dist/module/GoTrueClient.js:886:20)
    at async eval (webpack-internal:///(rsc)/./node_modules/@supabase/auth-js/dist/module/GoTrueClient.js:749:28)
Error: fetch failed
    at context.fetch (/Users/oliver/gh/neuros/node_modules/next/dist/server/web/sandbox/context.js:321:60)
    at eval (webpack-internal:///(middleware)/./node_modules/@supabase/auth-js/dist/module/lib/helpers.js:113:25)
    at _handleRequest (webpack-internal:///(middleware)/./node_modules/@supabase/auth-js/dist/module/lib/fetch.js:115:24)
    at _request (webpack-internal:///(middleware)/./node_modules/@supabase/auth-js/dist/module/lib/fetch.js:105:24)
    at eval (webpack-internal:///(middleware)/./node_modules/@supabase/auth-js/dist/module/GoTrueClient.js:909:82)
    at SupabaseAuthClient._useSession (webpack-internal:///(middleware)/./node_modules/@supabase/auth-js/dist/module/GoTrueClient.js:804:26)
    at async SupabaseAuthClient._getUser (webpack-internal:///(middleware)/./node_modules/@supabase/auth-js/dist/module/GoTrueClient.js:899:20)
    at async eval (webpack-internal:///(middleware)/./node_modules/@supabase/auth-js/dist/module/GoTrueClient.js:886:20)
    at async eval (webpack-internal:///(middleware)/./node_modules/@supabase/auth-js/dist/module/GoTrueClient.js:749:28) {
  
}
 GET /dashboard 307 in 23ms
 GET /signin 200 in 21ms
 ✓ Compiled in 208ms (3293 modules)
Error: fetch failed
    at context.fetch (/Users/oliver/gh/neuros/node_modules/next/dist/server/web/sandbox/context.js:321:60)
    at eval (webpack-internal:///(middleware)/./node_modules/@supabase/auth-js/dist/module/lib/helpers.js:113:25)
    at _handleRequest (webpack-internal:///(middleware)/./node_modules/@supabase/auth-js/dist/module/lib/fetch.js:115:24)
    at _request (webpack-internal:///(middleware)/./node_modules/@supabase/auth-js/dist/module/lib/fetch.js:105:24)
    at eval (webpack-internal:///(middleware)/./node_modules/@supabase/auth-js/dist/module/GoTrueClient.js:909:82)
    at SupabaseAuthClient._useSession (webpack-internal:///(middleware)/./node_modules/@supabase/auth-js/dist/module/GoTrueClient.js:804:26)
    at async SupabaseAuthClient._getUser (webpack-internal:///(middleware)/./node_modules/@supabase/auth-js/dist/module/GoTrueClient.js:899:20)
    at async eval (webpack-internal:///(middleware)/./node_modules/@supabase/auth-js/dist/module/GoTrueClient.js:886:20)
    at async eval (webpack-internal:///(middleware)/./node_modules/@supabase/auth-js/dist/module/GoTrueClient.js:749:28) {
  
}
 GET /signin 200 in 50ms
 ✓ Compiled in 262ms (3293 modules)
Error: fetch failed
    at context.fetch (/Users/oliver/gh/neuros/node_modules/next/dist/server/web/sandbox/context.js:321:60)
    at eval (webpack-internal:///(middleware)/./node_modules/@supabase/auth-js/dist/module/lib/helpers.js:113:25)
    at _handleRequest (webpack-internal:///(middleware)/./node_modules/@supabase/auth-js/dist/module/lib/fetch.js:115:24)
    at _request (webpack-internal:///(middleware)/./node_modules/@supabase/auth-js/dist/module/lib/fetch.js:105:24)
    at eval (webpack-internal:///(middleware)/./node_modules/@supabase/auth-js/dist/module/GoTrueClient.js:909:82)
    at SupabaseAuthClient._useSession (webpack-internal:///(middleware)/./node_modules/@supabase/auth-js/dist/module/GoTrueClient.js:804:26)
    at async SupabaseAuthClient._getUser (webpack-internal:///(middleware)/./node_modules/@supabase/auth-js/dist/module/GoTrueClient.js:899:20)
    at async eval (webpack-internal:///(middleware)/./node_modules/@supabase/auth-js/dist/module/GoTrueClient.js:886:20)
    at async eval (webpack-internal:///(middleware)/./node_modules/@supabase/auth-js/dist/module/GoTrueClient.js:749:28) {
  
}
 ⨯ [Error: ENOENT: no such file or directory, open '/Users/oliver/gh/neuros/.next/routes-manifest.json'] {
  errno: -2,
  code: 'ENOENT',
  syscall: 'open',
  path: '/Users/oliver/gh/neuros/.next/routes-manifest.json',
  page: '/signin'
}
 ○ Compiling /_error ...
 ✓ Compiled /_error in 607ms (3607 modules)
 ⨯ [Error: ENOENT: no such file or directory, open '/Users/oliver/gh/neuros/.next/routes-manifest.json'] {
  errno: -2,
  code: 'ENOENT',
  syscall: 'open',
  path: '/Users/oliver/gh/neuros/.next/routes-manifest.json'
}
 GET /signin 500 in 1738ms
Error: fetch failed
    at context.fetch (/Users/oliver/gh/neuros/node_modules/next/dist/server/web/sandbox/context.js:321:60)
    at eval (webpack-internal:///(middleware)/./node_modules/@supabase/auth-js/dist/module/lib/helpers.js:113:25)
    at _handleRequest (webpack-internal:///(middleware)/./node_modules/@supabase/auth-js/dist/module/lib/fetch.js:115:24)
    at _request (webpack-internal:///(middleware)/./node_modules/@supabase/auth-js/dist/module/lib/fetch.js:105:24)
    at eval (webpack-internal:///(middleware)/./node_modules/@supabase/auth-js/dist/module/GoTrueClient.js:909:82)
    at SupabaseAuthClient._useSession (webpack-internal:///(middleware)/./node_modules/@supabase/auth-js/dist/module/GoTrueClient.js:804:26)
    at async SupabaseAuthClient._getUser (webpack-internal:///(middleware)/./node_modules/@supabase/auth-js/dist/module/GoTrueClient.js:899:20)
    at async eval (webpack-internal:///(middleware)/./node_modules/@supabase/auth-js/dist/module/GoTrueClient.js:886:20)
    at async eval (webpack-internal:///(middleware)/./node_modules/@supabase/auth-js/dist/module/GoTrueClient.js:749:28) {
  
}
 ⨯ [Error: ENOENT: no such file or directory, open '/Users/oliver/gh/neuros/.next/routes-manifest.json'] {
  errno: -2,
  code: 'ENOENT',
  syscall: 'open',
  path: '/Users/oliver/gh/neuros/.next/routes-manifest.json',
  page: '/signin'
}
 ⨯ [Error: ENOENT: no such file or directory, open '/Users/oliver/gh/neuros/.next/routes-manifest.json'] {
  errno: -2,
  code: 'ENOENT',
  syscall: 'open',
  path: '/Users/oliver/gh/neuros/.next/routes-manifest.json'
}
 GET /signin 500 in 364ms
Error: fetch failed
    at context.fetch (/Users/oliver/gh/neuros/node_modules/next/dist/server/web/sandbox/context.js:321:60)
    at eval (webpack-internal:///(middleware)/./node_modules/@supabase/auth-js/dist/module/lib/helpers.js:113:25)
    at _handleRequest (webpack-internal:///(middleware)/./node_modules/@supabase/auth-js/dist/module/lib/fetch.js:115:24)
    at _request (webpack-internal:///(middleware)/./node_modules/@supabase/auth-js/dist/module/lib/fetch.js:105:24)
    at eval (webpack-internal:///(middleware)/./node_modules/@supabase/auth-js/dist/module/GoTrueClient.js:909:82)
    at SupabaseAuthClient._useSession (webpack-internal:///(middleware)/./node_modules/@supabase/auth-js/dist/module/GoTrueClient.js:804:26)
    at async SupabaseAuthClient._getUser (webpack-internal:///(middleware)/./node_modules/@supabase/auth-js/dist/module/GoTrueClient.js:899:20)
    at async eval (webpack-internal:///(middleware)/./node_modules/@supabase/auth-js/dist/module/GoTrueClient.js:886:20)
    at async eval (webpack-internal:///(middleware)/./node_modules/@supabase/auth-js/dist/module/GoTrueClient.js:749:28) {
  
}
 ⨯ [Error: ENOENT: no such file or directory, open '/Users/oliver/gh/neuros/.next/routes-manifest.json'] {
  errno: -2,
  code: 'ENOENT',
  syscall: 'open',
  path: '/Users/oliver/gh/neuros/.next/routes-manifest.json',
  page: '/signin'
}
 ⨯ [Error: ENOENT: no such file or directory, open '/Users/oliver/gh/neuros/.next/routes-manifest.json'] {
  errno: -2,
  code: 'ENOENT',
  syscall: 'open',
  path: '/Users/oliver/gh/neuros/.next/routes-manifest.json'
}
 GET /signin 500 in 310ms
Error: fetch failed
    at context.fetch (/Users/oliver/gh/neuros/node_modules/next/dist/server/web/sandbox/context.js:321:60)
    at eval (webpack-internal:///(middleware)/./node_modules/@supabase/auth-js/dist/module/lib/helpers.js:113:25)
    at _handleRequest (webpack-internal:///(middleware)/./node_modules/@supabase/auth-js/dist/module/lib/fetch.js:115:24)
    at _request (webpack-internal:///(middleware)/./node_modules/@supabase/auth-js/dist/module/lib/fetch.js:105:24)
    at eval (webpack-internal:///(middleware)/./node_modules/@supabase/auth-js/dist/module/GoTrueClient.js:909:82)
    at SupabaseAuthClient._useSession (webpack-internal:///(middleware)/./node_modules/@supabase/auth-js/dist/module/GoTrueClient.js:804:26)
    at async SupabaseAuthClient._getUser (webpack-internal:///(middleware)/./node_modules/@supabase/auth-js/dist/module/GoTrueClient.js:899:20)
    at async eval (webpack-internal:///(middleware)/./node_modules/@supabase/auth-js/dist/module/GoTrueClient.js:886:20)
    at async eval (webpack-internal:///(middleware)/./node_modules/@supabase/auth-js/dist/module/GoTrueClient.js:749:28) {
  
}
 ⨯ [Error: ENOENT: no such file or directory, open '/Users/oliver/gh/neuros/.next/routes-manifest.json'] {
  errno: -2,
  code: 'ENOENT',
  syscall: 'open',
  path: '/Users/oliver/gh/neuros/.next/routes-manifest.json',
  page: '/signin'
}
 ⨯ [Error: ENOENT: no such file or directory, open '/Users/oliver/gh/neuros/.next/routes-manifest.json'] {
  errno: -2,
  code: 'ENOENT',
  syscall: 'open',
  path: '/Users/oliver/gh/neuros/.next/routes-manifest.json'
}
 GET /signin 500 in 348ms

=== Session ended at Wed Aug 13 00:56:36 PDT 2025 ===
