=== Starting neuros at Wed Aug 13 01:14:58 PDT 2025 ===
Command: npm run dev
Log file: /Users/oliver/gh/neuros/logs/neuros_20250813_011458.log
==========================================

> neuros@0.1.0 dev
> next dev

 ⚠ Port 3000 is in use by process 24092
31304, using available port 3001 instead.
   ▲ Next.js 15.4.6
   - Local:        http://localhost:3001
   - Network:      http://192.168.10.48:3001
   - Environments: .env.local, .env
   - Experiments (use with caution):
     · optimizePackageImports

 ✓ Starting...
 ✓ Ready in 973ms
 ○ Compiling /_not-found ...
 ✓ Compiled /_not-found in 1953ms (1335 modules)
 ⚠ Fast Refresh had to perform a full reload due to a runtime error.
 GET /_next/static/webpack/69ddbe14901882e5.webpack.hot-update.json 404 in 2277ms
 ⚠ Fast Refresh had to perform a full reload due to a runtime error.
 GET /_next/static/webpack/69ddbe14901882e5.webpack.hot-update.json 404 in 27ms
 ✓ Compiled /middleware in 662ms (750 modules)
Error: fetch failed
    at context.fetch (/Users/oliver/gh/neuros/node_modules/next/dist/server/web/sandbox/context.js:321:60)
    at eval (webpack-internal:///(middleware)/./node_modules/@supabase/auth-js/dist/module/lib/helpers.js:113:25)
    at _handleRequest (webpack-internal:///(middleware)/./node_modules/@supabase/auth-js/dist/module/lib/fetch.js:115:24)
    at _request (webpack-internal:///(middleware)/./node_modules/@supabase/auth-js/dist/module/lib/fetch.js:105:24)
    at eval (webpack-internal:///(middleware)/./node_modules/@supabase/auth-js/dist/module/GoTrueClient.js:909:82)
    at SupabaseAuthClient._useSession (webpack-internal:///(middleware)/./node_modules/@supabase/auth-js/dist/module/GoTrueClient.js:804:26)
    at async SupabaseAuthClient._getUser (webpack-internal:///(middleware)/./node_modules/@supabase/auth-js/dist/module/GoTrueClient.js:899:20)
    at async eval (webpack-internal:///(middleware)/./node_modules/@supabase/auth-js/dist/module/GoTrueClient.js:886:20)
    at async eval (webpack-internal:///(middleware)/./node_modules/@supabase/auth-js/dist/module/GoTrueClient.js:749:28) {
  
}
 ○ Compiling / ...
 ✓ Compiled / in 1629ms (1831 modules)
[TypeError: fetch failed] {
  [cause]: Error: connect ECONNREFUSED 127.0.0.1:54321
      at <unknown> (Error: connect ECONNREFUSED 127.0.0.1:54321) {
    errno: -61,
    code: 'ECONNREFUSED',
    syscall: 'connect',
    address: '127.0.0.1',
    port: 54321
  }
}
 ⚠ Fast Refresh had to perform a full reload due to a runtime error.
 GET /_next/static/webpack/69ddbe14901882e5.webpack.hot-update.json 404 in 356ms
 GET / 200 in 2002ms
 ✓ Compiled in 111ms (685 modules)
Error: fetch failed
    at context.fetch (/Users/oliver/gh/neuros/node_modules/next/dist/server/web/sandbox/context.js:321:60)
    at eval (webpack-internal:///(middleware)/./node_modules/@supabase/auth-js/dist/module/lib/helpers.js:113:25)
    at _handleRequest (webpack-internal:///(middleware)/./node_modules/@supabase/auth-js/dist/module/lib/fetch.js:115:24)
    at _request (webpack-internal:///(middleware)/./node_modules/@supabase/auth-js/dist/module/lib/fetch.js:105:24)
    at eval (webpack-internal:///(middleware)/./node_modules/@supabase/auth-js/dist/module/GoTrueClient.js:909:82)
    at SupabaseAuthClient._useSession (webpack-internal:///(middleware)/./node_modules/@supabase/auth-js/dist/module/GoTrueClient.js:804:26)
    at async SupabaseAuthClient._getUser (webpack-internal:///(middleware)/./node_modules/@supabase/auth-js/dist/module/GoTrueClient.js:899:20)
    at async eval (webpack-internal:///(middleware)/./node_modules/@supabase/auth-js/dist/module/GoTrueClient.js:886:20)
    at async eval (webpack-internal:///(middleware)/./node_modules/@supabase/auth-js/dist/module/GoTrueClient.js:749:28) {
  
}
[TypeError: fetch failed] {
  [cause]: Error: connect ECONNREFUSED 127.0.0.1:54321
      at <unknown> (Error: connect ECONNREFUSED 127.0.0.1:54321) {
    errno: -61,
    code: 'ECONNREFUSED',
    syscall: 'connect',
    address: '127.0.0.1',
    port: 54321
  }
}
 GET / 200 in 16ms
 ✓ Compiled in 136ms (685 modules)
Error: fetch failed
    at context.fetch (/Users/oliver/gh/neuros/node_modules/next/dist/server/web/sandbox/context.js:321:60)
    at eval (webpack-internal:///(middleware)/./node_modules/@supabase/auth-js/dist/module/lib/helpers.js:113:25)
    at _handleRequest (webpack-internal:///(middleware)/./node_modules/@supabase/auth-js/dist/module/lib/fetch.js:115:24)
    at _request (webpack-internal:///(middleware)/./node_modules/@supabase/auth-js/dist/module/lib/fetch.js:105:24)
    at eval (webpack-internal:///(middleware)/./node_modules/@supabase/auth-js/dist/module/GoTrueClient.js:909:82)
    at SupabaseAuthClient._useSession (webpack-internal:///(middleware)/./node_modules/@supabase/auth-js/dist/module/GoTrueClient.js:804:26)
    at async SupabaseAuthClient._getUser (webpack-internal:///(middleware)/./node_modules/@supabase/auth-js/dist/module/GoTrueClient.js:899:20)
    at async eval (webpack-internal:///(middleware)/./node_modules/@supabase/auth-js/dist/module/GoTrueClient.js:886:20)
    at async eval (webpack-internal:///(middleware)/./node_modules/@supabase/auth-js/dist/module/GoTrueClient.js:749:28) {
  
}
 ⨯ [Error: ENOENT: no such file or directory, open '/Users/oliver/gh/neuros/.next/routes-manifest.json'] {
  errno: -2,
  code: 'ENOENT',
  syscall: 'open',
  path: '/Users/oliver/gh/neuros/.next/routes-manifest.json',
  page: '/'
}
 ○ Compiling /_error ...
 ✓ Compiled /_error in 599ms (2159 modules)
 ⨯ [Error: ENOENT: no such file or directory, open '/Users/oliver/gh/neuros/.next/routes-manifest.json'] {
  errno: -2,
  code: 'ENOENT',
  syscall: 'open',
  path: '/Users/oliver/gh/neuros/.next/routes-manifest.json'
}
 GET / 500 in 1644ms
 ⨯ Error: Cannot find module './4985.js'
Require stack:
- /Users/oliver/gh/neuros/.next/server/webpack-runtime.js
- /Users/oliver/gh/neuros/.next/server/pages/_document.js
- /Users/oliver/gh/neuros/node_modules/next/dist/server/require.js
- /Users/oliver/gh/neuros/node_modules/next/dist/server/load-components.js
- /Users/oliver/gh/neuros/node_modules/next/dist/build/utils.js
- /Users/oliver/gh/neuros/node_modules/next/dist/build/swc/options.js
- /Users/oliver/gh/neuros/node_modules/next/dist/build/swc/index.js
- /Users/oliver/gh/neuros/node_modules/next/dist/build/next-config-ts/transpile-config.js
- /Users/oliver/gh/neuros/node_modules/next/dist/server/config.js
- /Users/oliver/gh/neuros/node_modules/next/dist/server/next.js
- /Users/oliver/gh/neuros/node_modules/next/dist/server/lib/start-server.js
    at <unknown> (.next/server/app/(public)/page.js:3:21826)
    at Object.<anonymous> (.next/server/app/(public)/page.js:3:21915) {
  code: 'MODULE_NOT_FOUND',
  requireStack: [Array],
  page: '/'
}
 ⨯ [Error: ENOENT: no such file or directory, open '/Users/oliver/gh/neuros/.next/routes-manifest.json'] {
  errno: -2,
  code: 'ENOENT',
  syscall: 'open',
  path: '/Users/oliver/gh/neuros/.next/routes-manifest.json'
}
 GET / 500 in 249ms
 ⨯ Error: Cannot find module './4985.js'
Require stack:
- /Users/oliver/gh/neuros/.next/server/webpack-runtime.js
- /Users/oliver/gh/neuros/.next/server/pages/_document.js
- /Users/oliver/gh/neuros/node_modules/next/dist/server/require.js
- /Users/oliver/gh/neuros/node_modules/next/dist/server/load-components.js
- /Users/oliver/gh/neuros/node_modules/next/dist/build/utils.js
- /Users/oliver/gh/neuros/node_modules/next/dist/build/swc/options.js
- /Users/oliver/gh/neuros/node_modules/next/dist/build/swc/index.js
- /Users/oliver/gh/neuros/node_modules/next/dist/build/next-config-ts/transpile-config.js
- /Users/oliver/gh/neuros/node_modules/next/dist/server/config.js
- /Users/oliver/gh/neuros/node_modules/next/dist/server/next.js
- /Users/oliver/gh/neuros/node_modules/next/dist/server/lib/start-server.js
    at <unknown> (.next/server/app/_not-found/page.js:2:8015)
    at Object.<anonymous> (.next/server/app/_not-found/page.js:2:8072) {
  code: 'MODULE_NOT_FOUND',
  requireStack: [Array]
}
 ⨯ Error: Cannot find module './4985.js'
Require stack:
- /Users/oliver/gh/neuros/.next/server/webpack-runtime.js
- /Users/oliver/gh/neuros/.next/server/pages/_document.js
- /Users/oliver/gh/neuros/node_modules/next/dist/server/require.js
- /Users/oliver/gh/neuros/node_modules/next/dist/server/load-components.js
- /Users/oliver/gh/neuros/node_modules/next/dist/build/utils.js
- /Users/oliver/gh/neuros/node_modules/next/dist/build/swc/options.js
- /Users/oliver/gh/neuros/node_modules/next/dist/build/swc/index.js
- /Users/oliver/gh/neuros/node_modules/next/dist/build/next-config-ts/transpile-config.js
- /Users/oliver/gh/neuros/node_modules/next/dist/server/config.js
- /Users/oliver/gh/neuros/node_modules/next/dist/server/next.js
- /Users/oliver/gh/neuros/node_modules/next/dist/server/lib/start-server.js
    at <unknown> (.next/server/app/_not-found/page.js:2:8015)
    at Object.<anonymous> (.next/server/app/_not-found/page.js:2:8072) {
  code: 'MODULE_NOT_FOUND',
  requireStack: [Array]
}
 ⨯ Error: Cannot find module './4985.js'
Require stack:
- /Users/oliver/gh/neuros/.next/server/webpack-runtime.js
- /Users/oliver/gh/neuros/.next/server/pages/_document.js
- /Users/oliver/gh/neuros/node_modules/next/dist/server/require.js
- /Users/oliver/gh/neuros/node_modules/next/dist/server/load-components.js
- /Users/oliver/gh/neuros/node_modules/next/dist/build/utils.js
- /Users/oliver/gh/neuros/node_modules/next/dist/build/swc/options.js
- /Users/oliver/gh/neuros/node_modules/next/dist/build/swc/index.js
- /Users/oliver/gh/neuros/node_modules/next/dist/build/next-config-ts/transpile-config.js
- /Users/oliver/gh/neuros/node_modules/next/dist/server/config.js
- /Users/oliver/gh/neuros/node_modules/next/dist/server/next.js
- /Users/oliver/gh/neuros/node_modules/next/dist/server/lib/start-server.js
    at <unknown> (.next/server/app/_not-found/page.js:2:8015)
    at Object.<anonymous> (.next/server/app/_not-found/page.js:2:8072) {
  code: 'MODULE_NOT_FOUND',
  requireStack: [Array]
}
 ⨯ Error: Cannot find module './4985.js'
Require stack:
- /Users/oliver/gh/neuros/.next/server/webpack-runtime.js
- /Users/oliver/gh/neuros/.next/server/pages/_document.js
- /Users/oliver/gh/neuros/node_modules/next/dist/server/require.js
- /Users/oliver/gh/neuros/node_modules/next/dist/server/load-components.js
- /Users/oliver/gh/neuros/node_modules/next/dist/build/utils.js
- /Users/oliver/gh/neuros/node_modules/next/dist/build/swc/options.js
- /Users/oliver/gh/neuros/node_modules/next/dist/build/swc/index.js
- /Users/oliver/gh/neuros/node_modules/next/dist/build/next-config-ts/transpile-config.js
- /Users/oliver/gh/neuros/node_modules/next/dist/server/config.js
- /Users/oliver/gh/neuros/node_modules/next/dist/server/next.js
- /Users/oliver/gh/neuros/node_modules/next/dist/server/lib/start-server.js
    at <unknown> (.next/server/app/_not-found/page.js:2:8015)
    at Object.<anonymous> (.next/server/app/_not-found/page.js:2:8072) {
  code: 'MODULE_NOT_FOUND',
  requireStack: [Array]
}
 ⨯ Error: Cannot find module './4985.js'
Require stack:
- /Users/oliver/gh/neuros/.next/server/webpack-runtime.js
- /Users/oliver/gh/neuros/.next/server/pages/_document.js
- /Users/oliver/gh/neuros/node_modules/next/dist/server/require.js
- /Users/oliver/gh/neuros/node_modules/next/dist/server/load-components.js
- /Users/oliver/gh/neuros/node_modules/next/dist/build/utils.js
- /Users/oliver/gh/neuros/node_modules/next/dist/build/swc/options.js
- /Users/oliver/gh/neuros/node_modules/next/dist/build/swc/index.js
- /Users/oliver/gh/neuros/node_modules/next/dist/build/next-config-ts/transpile-config.js
- /Users/oliver/gh/neuros/node_modules/next/dist/server/config.js
- /Users/oliver/gh/neuros/node_modules/next/dist/server/next.js
- /Users/oliver/gh/neuros/node_modules/next/dist/server/lib/start-server.js
    at <unknown> (.next/server/app/_not-found/page.js:2:8015)
    at Object.<anonymous> (.next/server/app/_not-found/page.js:2:8072) {
  code: 'MODULE_NOT_FOUND',
  requireStack: [Array]
}
 GET /_next/static/chunks/fallback/react-refresh.js 500 in 67ms
 GET /_next/static/chunks/fallback/webpack.js 500 in 67ms
 GET /_next/static/chunks/fallback/main.js 500 in 67ms
 GET /_next/static/chunks/fallback/pages/_app.js 500 in 66ms
 GET /_next/static/chunks/fallback/pages/_error.js 500 in 67ms
 ✓ Compiled /favicon.ico in 120ms (1357 modules)
 ⨯ [Error: ENOENT: no such file or directory, open '/Users/oliver/gh/neuros/.next/routes-manifest.json'] {
  errno: -2,
  code: 'ENOENT',
  syscall: 'open',
  path: '/Users/oliver/gh/neuros/.next/routes-manifest.json',
  page: '/favicon.ico'
}
 GET /favicon.ico 500 in 261ms
Error: fetch failed
    at context.fetch (/Users/oliver/gh/neuros/node_modules/next/dist/server/web/sandbox/context.js:321:60)
    at eval (webpack-internal:///(middleware)/./node_modules/@supabase/auth-js/dist/module/lib/helpers.js:113:25)
    at _handleRequest (webpack-internal:///(middleware)/./node_modules/@supabase/auth-js/dist/module/lib/fetch.js:115:24)
    at _request (webpack-internal:///(middleware)/./node_modules/@supabase/auth-js/dist/module/lib/fetch.js:105:24)
    at eval (webpack-internal:///(middleware)/./node_modules/@supabase/auth-js/dist/module/GoTrueClient.js:909:82)
    at SupabaseAuthClient._useSession (webpack-internal:///(middleware)/./node_modules/@supabase/auth-js/dist/module/GoTrueClient.js:804:26)
    at async SupabaseAuthClient._getUser (webpack-internal:///(middleware)/./node_modules/@supabase/auth-js/dist/module/GoTrueClient.js:899:20)
    at async eval (webpack-internal:///(middleware)/./node_modules/@supabase/auth-js/dist/module/GoTrueClient.js:886:20)
    at async eval (webpack-internal:///(middleware)/./node_modules/@supabase/auth-js/dist/module/GoTrueClient.js:749:28) {
  
}
 ⨯ Error: Cannot find module './4985.js'
Require stack:
- /Users/oliver/gh/neuros/.next/server/webpack-runtime.js
- /Users/oliver/gh/neuros/.next/server/app/favicon.ico/route.js
- /Users/oliver/gh/neuros/node_modules/next/dist/server/require.js
- /Users/oliver/gh/neuros/node_modules/next/dist/server/load-components.js
- /Users/oliver/gh/neuros/node_modules/next/dist/build/utils.js
- /Users/oliver/gh/neuros/node_modules/next/dist/build/swc/options.js
- /Users/oliver/gh/neuros/node_modules/next/dist/build/swc/index.js
- /Users/oliver/gh/neuros/node_modules/next/dist/build/next-config-ts/transpile-config.js
- /Users/oliver/gh/neuros/node_modules/next/dist/server/config.js
- /Users/oliver/gh/neuros/node_modules/next/dist/server/next.js
- /Users/oliver/gh/neuros/node_modules/next/dist/server/lib/start-server.js
    at <unknown> (.next/server/app/(public)/page.js:3:21826)
    at Object.<anonymous> (.next/server/app/(public)/page.js:3:21915) {
  code: 'MODULE_NOT_FOUND',
  requireStack: [Array],
  page: '/'
}
 ⨯ Error: Cannot find module './8548.js'
Require stack:
- /Users/oliver/gh/neuros/.next/server/webpack-runtime.js
- /Users/oliver/gh/neuros/.next/server/app/favicon.ico/route.js
- /Users/oliver/gh/neuros/node_modules/next/dist/server/require.js
- /Users/oliver/gh/neuros/node_modules/next/dist/server/load-components.js
- /Users/oliver/gh/neuros/node_modules/next/dist/build/utils.js
- /Users/oliver/gh/neuros/node_modules/next/dist/build/swc/options.js
- /Users/oliver/gh/neuros/node_modules/next/dist/build/swc/index.js
- /Users/oliver/gh/neuros/node_modules/next/dist/build/next-config-ts/transpile-config.js
- /Users/oliver/gh/neuros/node_modules/next/dist/server/config.js
- /Users/oliver/gh/neuros/node_modules/next/dist/server/next.js
- /Users/oliver/gh/neuros/node_modules/next/dist/server/lib/start-server.js
    at <unknown> (.next/server/pages/_document.js:1:327)
    at Object.<anonymous> (.next/server/pages/_document.js:1:374) {
  code: 'MODULE_NOT_FOUND',
  requireStack: [Array]
}
 GET / 500 in 34ms
 ✓ Compiled /review in 475ms (2335 modules)
 ⨯ [Error: ENOENT: no such file or directory, open '/Users/oliver/gh/neuros/.next/routes-manifest.json'] {
  errno: -2,
  code: 'ENOENT',
  syscall: 'open',
  path: '/Users/oliver/gh/neuros/.next/routes-manifest.json',
  page: '/review'
}
 ⨯ Error: Cannot find module './8548.js'
Require stack:
- /Users/oliver/gh/neuros/.next/server/webpack-runtime.js
- /Users/oliver/gh/neuros/.next/server/app/(dashboard)/review/page.js
- /Users/oliver/gh/neuros/node_modules/next/dist/server/require.js
- /Users/oliver/gh/neuros/node_modules/next/dist/server/load-components.js
- /Users/oliver/gh/neuros/node_modules/next/dist/build/utils.js
- /Users/oliver/gh/neuros/node_modules/next/dist/build/swc/options.js
- /Users/oliver/gh/neuros/node_modules/next/dist/build/swc/index.js
- /Users/oliver/gh/neuros/node_modules/next/dist/build/next-config-ts/transpile-config.js
- /Users/oliver/gh/neuros/node_modules/next/dist/server/config.js
- /Users/oliver/gh/neuros/node_modules/next/dist/server/next.js
- /Users/oliver/gh/neuros/node_modules/next/dist/server/lib/start-server.js
    at <unknown> (.next/server/pages/_document.js:1:327)
    at Object.<anonymous> (.next/server/pages/_document.js:1:374) {
  code: 'MODULE_NOT_FOUND',
  requireStack: [Array]
}
 ⨯ [Error: ENOENT: no such file or directory, open '/Users/oliver/gh/neuros/.next/routes-manifest.json'] {
  errno: -2,
  code: 'ENOENT',
  syscall: 'open',
  path: '/Users/oliver/gh/neuros/.next/routes-manifest.json'
}
 GET /review 500 in 797ms
 GET /_next/static/webpack/69ddbe14901882e5.webpack.hot-update.json 500 in 318ms
 ⨯ [Error: ENOENT: no such file or directory, open '/Users/oliver/gh/neuros/.next/routes-manifest.json'] {
  errno: -2,
  code: 'ENOENT',
  syscall: 'open',
  path: '/Users/oliver/gh/neuros/.next/routes-manifest.json'
}
 ⨯ [Error: ENOENT: no such file or directory, open '/Users/oliver/gh/neuros/.next/routes-manifest.json'] {
  errno: -2,
  code: 'ENOENT',
  syscall: 'open',
  path: '/Users/oliver/gh/neuros/.next/routes-manifest.json'
}
 ⨯ [Error: ENOENT: no such file or directory, open '/Users/oliver/gh/neuros/.next/routes-manifest.json'] {
  errno: -2,
  code: 'ENOENT',
  syscall: 'open',
  path: '/Users/oliver/gh/neuros/.next/routes-manifest.json'
}
 ⨯ [Error: ENOENT: no such file or directory, open '/Users/oliver/gh/neuros/.next/routes-manifest.json'] {
  errno: -2,
  code: 'ENOENT',
  syscall: 'open',
  path: '/Users/oliver/gh/neuros/.next/routes-manifest.json'
}
 ⨯ [Error: ENOENT: no such file or directory, open '/Users/oliver/gh/neuros/.next/routes-manifest.json'] {
  errno: -2,
  code: 'ENOENT',
  syscall: 'open',
  path: '/Users/oliver/gh/neuros/.next/routes-manifest.json'
}
 ⚠ Fast Refresh had to perform a full reload due to a runtime error.
 GET /_next/static/chunks/fallback/webpack.js 500 in 403ms
 GET /_next/static/chunks/fallback/react-refresh.js 500 in 403ms
 GET /_next/static/chunks/fallback/main.js 500 in 403ms
 GET /_next/static/chunks/fallback/pages/_app.js 500 in 403ms
 GET /_next/static/chunks/fallback/pages/_error.js 500 in 403ms
Error: fetch failed
    at context.fetch (/Users/oliver/gh/neuros/node_modules/next/dist/server/web/sandbox/context.js:321:60)
    at eval (webpack-internal:///(middleware)/./node_modules/@supabase/auth-js/dist/module/lib/helpers.js:113:25)
    at _handleRequest (webpack-internal:///(middleware)/./node_modules/@supabase/auth-js/dist/module/lib/fetch.js:115:24)
    at _request (webpack-internal:///(middleware)/./node_modules/@supabase/auth-js/dist/module/lib/fetch.js:105:24)
    at eval (webpack-internal:///(middleware)/./node_modules/@supabase/auth-js/dist/module/GoTrueClient.js:909:82)
    at SupabaseAuthClient._useSession (webpack-internal:///(middleware)/./node_modules/@supabase/auth-js/dist/module/GoTrueClient.js:804:26)
    at async SupabaseAuthClient._getUser (webpack-internal:///(middleware)/./node_modules/@supabase/auth-js/dist/module/GoTrueClient.js:899:20)
    at async eval (webpack-internal:///(middleware)/./node_modules/@supabase/auth-js/dist/module/GoTrueClient.js:886:20)
    at async eval (webpack-internal:///(middleware)/./node_modules/@supabase/auth-js/dist/module/GoTrueClient.js:749:28) {
  
}
 ⨯ [Error: ENOENT: no such file or directory, open '/Users/oliver/gh/neuros/.next/routes-manifest.json'] {
  errno: -2,
  code: 'ENOENT',
  syscall: 'open',
  path: '/Users/oliver/gh/neuros/.next/routes-manifest.json',
  page: '/favicon.ico'
}
 GET /favicon.ico 500 in 49ms
 ⨯ [Error: ENOENT: no such file or directory, open '/Users/oliver/gh/neuros/.next/routes-manifest.json'] {
  errno: -2,
  code: 'ENOENT',
  syscall: 'open',
  path: '/Users/oliver/gh/neuros/.next/routes-manifest.json',
  page: '/'
}
 ⨯ Error: Cannot find module './8548.js'
Require stack:
- /Users/oliver/gh/neuros/.next/server/webpack-runtime.js
- /Users/oliver/gh/neuros/.next/server/app/(dashboard)/review/page.js
- /Users/oliver/gh/neuros/node_modules/next/dist/server/require.js
- /Users/oliver/gh/neuros/node_modules/next/dist/server/load-components.js
- /Users/oliver/gh/neuros/node_modules/next/dist/build/utils.js
- /Users/oliver/gh/neuros/node_modules/next/dist/build/swc/options.js
- /Users/oliver/gh/neuros/node_modules/next/dist/build/swc/index.js
- /Users/oliver/gh/neuros/node_modules/next/dist/build/next-config-ts/transpile-config.js
- /Users/oliver/gh/neuros/node_modules/next/dist/server/config.js
- /Users/oliver/gh/neuros/node_modules/next/dist/server/next.js
- /Users/oliver/gh/neuros/node_modules/next/dist/server/lib/start-server.js
    at <unknown> (.next/server/pages/_document.js:1:327)
    at Object.<anonymous> (.next/server/pages/_document.js:1:374) {
  code: 'MODULE_NOT_FOUND',
  requireStack: [Array]
}
 GET / 500 in 167ms
 ✓ Compiled in 269ms (2349 modules)
Error: fetch failed
    at context.fetch (/Users/oliver/gh/neuros/node_modules/next/dist/server/web/sandbox/context.js:321:60)
    at eval (webpack-internal:///(middleware)/./node_modules/@supabase/auth-js/dist/module/lib/helpers.js:113:25)
    at _handleRequest (webpack-internal:///(middleware)/./node_modules/@supabase/auth-js/dist/module/lib/fetch.js:115:24)
    at _request (webpack-internal:///(middleware)/./node_modules/@supabase/auth-js/dist/module/lib/fetch.js:105:24)
    at eval (webpack-internal:///(middleware)/./node_modules/@supabase/auth-js/dist/module/GoTrueClient.js:909:82)
    at SupabaseAuthClient._useSession (webpack-internal:///(middleware)/./node_modules/@supabase/auth-js/dist/module/GoTrueClient.js:804:26)
    at async SupabaseAuthClient._getUser (webpack-internal:///(middleware)/./node_modules/@supabase/auth-js/dist/module/GoTrueClient.js:899:20)
    at async eval (webpack-internal:///(middleware)/./node_modules/@supabase/auth-js/dist/module/GoTrueClient.js:886:20)
    at async eval (webpack-internal:///(middleware)/./node_modules/@supabase/auth-js/dist/module/GoTrueClient.js:749:28) {
  
}
 ✓ Compiled in 1ms (1502 modules)
 ✓ Compiled in 0ms (1502 modules)
 ✓ Compiled in 0ms (1502 modules)
 ⨯ [Error: ENOENT: no such file or directory, open '/Users/oliver/gh/neuros/.next/routes-manifest.json'] {
  errno: -2,
  code: 'ENOENT',
  syscall: 'open',
  path: '/Users/oliver/gh/neuros/.next/routes-manifest.json'
}
 ✓ Compiled in 208ms (2335 modules)
 ⨯ [Error: ENOENT: no such file or directory, open '/Users/oliver/gh/neuros/.next/routes-manifest.json'] {
  errno: -2,
  code: 'ENOENT',
  syscall: 'open',
  path: '/Users/oliver/gh/neuros/.next/routes-manifest.json',
  page: '/'
}
 GET /_next/static/webpack/69ddbe14901882e5.webpack.hot-update.json 500 in 1020ms
 ⨯ Error: Cannot find module './8548.js'
Require stack:
- /Users/oliver/gh/neuros/.next/server/webpack-runtime.js
- /Users/oliver/gh/neuros/.next/server/app/(public)/page.js
- /Users/oliver/gh/neuros/node_modules/next/dist/server/require.js
- /Users/oliver/gh/neuros/node_modules/next/dist/server/load-components.js
- /Users/oliver/gh/neuros/node_modules/next/dist/build/utils.js
- /Users/oliver/gh/neuros/node_modules/next/dist/build/swc/options.js
- /Users/oliver/gh/neuros/node_modules/next/dist/build/swc/index.js
- /Users/oliver/gh/neuros/node_modules/next/dist/build/next-config-ts/transpile-config.js
- /Users/oliver/gh/neuros/node_modules/next/dist/server/config.js
- /Users/oliver/gh/neuros/node_modules/next/dist/server/next.js
- /Users/oliver/gh/neuros/node_modules/next/dist/server/lib/start-server.js
    at <unknown> (.next/server/pages/_document.js:1:327)
    at Object.<anonymous> (.next/server/pages/_document.js:1:374) {
  code: 'MODULE_NOT_FOUND',
  requireStack: [Array]
}
 ⚠ Fast Refresh had to perform a full reload due to a runtime error.
 GET / 500 in 874ms

=== Session ended at Wed Aug 13 01:15:58 PDT 2025 ===
