=== Starting neuros at Wed Aug 13 01:16:54 PDT 2025 ===
Command: npm run dev
Log file: /Users/oliver/gh/neuros/logs/neuros_20250813_011654.log
==========================================

> neuros@0.1.0 dev
> next dev

 ⚠ Port 3000 is in use by process 33698, using available port 3001 instead.
   ▲ Next.js 15.4.6
   - Local:        http://localhost:3001
   - Network:      http://192.168.10.48:3001
   - Environments: .env.local, .env
   - Experiments (use with caution):
     · optimizePackageImports

 ✓ Starting...
 ✓ Ready in 871ms
 ✓ Compiled /middleware in 199ms (180 modules)
 ○ Compiling / ...
Error: fetch failed
    at context.fetch (/Users/oliver/gh/neuros/node_modules/next/dist/server/web/sandbox/context.js:321:60)
    at eval (webpack-internal:///(middleware)/./node_modules/@supabase/auth-js/dist/module/lib/helpers.js:113:25)
    at _handleRequest (webpack-internal:///(middleware)/./node_modules/@supabase/auth-js/dist/module/lib/fetch.js:115:24)
    at _request (webpack-internal:///(middleware)/./node_modules/@supabase/auth-js/dist/module/lib/fetch.js:105:24)
    at eval (webpack-internal:///(middleware)/./node_modules/@supabase/auth-js/dist/module/GoTrueClient.js:909:82)
    at SupabaseAuthClient._useSession (webpack-internal:///(middleware)/./node_modules/@supabase/auth-js/dist/module/GoTrueClient.js:804:26)
    at async SupabaseAuthClient._getUser (webpack-internal:///(middleware)/./node_modules/@supabase/auth-js/dist/module/GoTrueClient.js:899:20)
    at async eval (webpack-internal:///(middleware)/./node_modules/@supabase/auth-js/dist/module/GoTrueClient.js:886:20)
    at async eval (webpack-internal:///(middleware)/./node_modules/@supabase/auth-js/dist/module/GoTrueClient.js:749:28) {
  
}
 ✓ Compiled / in 2.2s (1894 modules)
[TypeError: fetch failed] {
  [cause]: Error: connect ECONNREFUSED 127.0.0.1:54321
      at <unknown> (Error: connect ECONNREFUSED 127.0.0.1:54321) {
    errno: -61,
    code: 'ECONNREFUSED',
    syscall: 'connect',
    address: '127.0.0.1',
    port: 54321
  }
}
 GET / 200 in 2589ms
 GET / 200 in 2133ms
 ✓ Compiled in 460ms (684 modules)
 ✓ Compiled /icon.svg in 383ms (1174 modules)
 GET /icon.svg 200 in 464ms
 GET / 200 in 233ms
 GET /icon.svg 200 in 3ms
TypeError: fetch failed
    at async signInAsDeveloper (server/actions/auth.ts:149:33)
  147 |
  148 |   // Try to sign in with existing test user
> 149 |   const { error: signInError } = await supabase.auth.signInWithPassword({
      |                                 ^
  150 |     email: testEmail,
  151 |     password: testPassword,
  152 |   }) {
  [cause]: Error: connect ECONNREFUSED 127.0.0.1:54321
      at <unknown> (Error: connect ECONNREFUSED 127.0.0.1:54321) {
    errno: -61,
    code: 'ECONNREFUSED',
    syscall: 'connect',
    address: '127.0.0.1',
    port: 54321
  }
}
TypeError: fetch failed
    at async signInAsDeveloper (server/actions/auth.ts:161:33)
  159 |
  160 |   // If sign in failed, try to create the test user
> 161 |   const { error: signUpError } = await supabase.auth.signUp({
      |                                 ^
  162 |     email: testEmail,
  163 |     password: testPassword,
  164 |     options: { {
  [cause]: Error: connect ECONNREFUSED 127.0.0.1:54321
      at <unknown> (Error: connect ECONNREFUSED 127.0.0.1:54321) {
    errno: -61,
    code: 'ECONNREFUSED',
    syscall: 'connect',
    address: '127.0.0.1',
    port: 54321
  }
}
 POST / 200 in 284ms
 GET / 200 in 62ms
 GET / 200 in 52ms
 GET /icon.svg 200 in 9ms
 ○ Compiling /dashboard ...
 ✓ Compiled /dashboard in 599ms (2009 modules)
[2025-08-13T08:19:22.191Z] [ERROR] Dashboard auth error {
  error: [Error [AuthApiError]: User from sub claim in JWT does not exist] {
    __isAuthError: true,
    status: 403,
    code: 'user_not_found'
  },
  action: 'dashboard_load'
}
AuthApiError: User from sub claim in JWT does not exist
    at handleError (webpack-internal:///(rsc)/./node_modules/@supabase/auth-js/dist/module/lib/fetch.js:80:11)
    at process.processTicksAndRejections (node:internal/process/task_queues:105:5)
    at async _handleRequest (webpack-internal:///(rsc)/./node_modules/@supabase/auth-js/dist/module/lib/fetch.js:123:9)
    at async _request (webpack-internal:///(rsc)/./node_modules/@supabase/auth-js/dist/module/lib/fetch.js:105:18)
    at async eval (webpack-internal:///(rsc)/./node_modules/@supabase/auth-js/dist/module/GoTrueClient.js:909:24)
    at async SupabaseAuthClient._useSession (webpack-internal:///(rsc)/./node_modules/@supabase/auth-js/dist/module/GoTrueClient.js:804:20)
    at async SupabaseAuthClient._getUser (webpack-internal:///(rsc)/./node_modules/@supabase/auth-js/dist/module/GoTrueClient.js:899:20)
    at async eval (webpack-internal:///(rsc)/./node_modules/@supabase/auth-js/dist/module/GoTrueClient.js:886:20)
    at async eval (webpack-internal:///(rsc)/./node_modules/@supabase/auth-js/dist/module/GoTrueClient.js:749:28)
 GET /dashboard 200 in 778ms
 ✓ Compiled /signin in 417ms (2161 modules)
 GET /signin 200 in 512ms
 GET /signin 200 in 10ms
[Error: Failed to find Server Action "00e2394177ce321a1910c2cb6e7b9e1ad18acf6ffc". This request might be from an older or newer deployment.
Read more: https://nextjs.org/docs/messages/failed-to-find-server-action]
 POST / 404 in 99ms
 ⨯ [Error: ENOENT: no such file or directory, open '/Users/oliver/gh/neuros/.next/server/app-paths-manifest.json'] {
  errno: -2,
  code: 'ENOENT',
  syscall: 'open',
  path: '/Users/oliver/gh/neuros/.next/server/app-paths-manifest.json',
  page: '/'
}
 ○ Compiling /_error ...
 ✓ Compiled /_error in 824ms (2489 modules)
 ⨯ [Error: ENOENT: no such file or directory, open '/Users/oliver/gh/neuros/.next/routes-manifest.json'] {
  errno: -2,
  code: 'ENOENT',
  syscall: 'open',
  path: '/Users/oliver/gh/neuros/.next/routes-manifest.json',
  page: '/'
}
 ⨯ [Error: ENOENT: no such file or directory, open '/Users/oliver/gh/neuros/.next/routes-manifest.json'] {
  errno: -2,
  code: 'ENOENT',
  syscall: 'open',
  path: '/Users/oliver/gh/neuros/.next/routes-manifest.json',
  page: '/'
}
 ⨯ [Error: ENOENT: no such file or directory, open '/Users/oliver/gh/neuros/.next/routes-manifest.json'] {
  errno: -2,
  code: 'ENOENT',
  syscall: 'open',
  path: '/Users/oliver/gh/neuros/.next/routes-manifest.json'
}
 ⨯ [Error: ENOENT: no such file or directory, open '/Users/oliver/gh/neuros/.next/routes-manifest.json'] {
  errno: -2,
  code: 'ENOENT',
  syscall: 'open',
  path: '/Users/oliver/gh/neuros/.next/routes-manifest.json'
}
 ⨯ [Error: ENOENT: no such file or directory, open '/Users/oliver/gh/neuros/.next/routes-manifest.json'] {
  errno: -2,
  code: 'ENOENT',
  syscall: 'open',
  path: '/Users/oliver/gh/neuros/.next/routes-manifest.json'
}
 GET / 500 in 2928ms
 GET / 500 in 2272ms
 GET / 500 in 2675ms
 ⨯ [Error: ENOENT: no such file or directory, open '/Users/oliver/gh/neuros/.next/routes-manifest.json'] {
  errno: -2,
  code: 'ENOENT',
  syscall: 'open',
  path: '/Users/oliver/gh/neuros/.next/routes-manifest.json',
  page: '/'
}
 ⨯ [Error: ENOENT: no such file or directory, open '/Users/oliver/gh/neuros/.next/routes-manifest.json'] {
  errno: -2,
  code: 'ENOENT',
  syscall: 'open',
  path: '/Users/oliver/gh/neuros/.next/routes-manifest.json'
}
 GET / 500 in 317ms
 ⨯ [Error: ENOENT: no such file or directory, open '/Users/oliver/gh/neuros/.next/routes-manifest.json'] {
  errno: -2,
  code: 'ENOENT',
  syscall: 'open',
  path: '/Users/oliver/gh/neuros/.next/routes-manifest.json',
  page: '/'
}
 ⨯ [Error: ENOENT: no such file or directory, open '/Users/oliver/gh/neuros/.next/server/pages-manifest.json'] {
  errno: -2,
  code: 'ENOENT',
  syscall: 'open',
  path: '/Users/oliver/gh/neuros/.next/server/pages-manifest.json'
}
 GET / 500 in 414ms
 ✓ Compiled /_not-found in 179ms (2490 modules)
 ⨯ [Error: ENOENT: no such file or directory, open '/Users/oliver/gh/neuros/.next/routes-manifest.json'] {
  errno: -2,
  code: 'ENOENT',
  syscall: 'open',
  path: '/Users/oliver/gh/neuros/.next/routes-manifest.json'
}
 ⨯ [Error: ENOENT: no such file or directory, open '/Users/oliver/gh/neuros/.next/routes-manifest.json'] {
  errno: -2,
  code: 'ENOENT',
  syscall: 'open',
  path: '/Users/oliver/gh/neuros/.next/routes-manifest.json'
}
 ⨯ [Error: ENOENT: no such file or directory, open '/Users/oliver/gh/neuros/.next/routes-manifest.json'] {
  errno: -2,
  code: 'ENOENT',
  syscall: 'open',
  path: '/Users/oliver/gh/neuros/.next/routes-manifest.json'
}
 ⨯ [Error: ENOENT: no such file or directory, open '/Users/oliver/gh/neuros/.next/routes-manifest.json'] {
  errno: -2,
  code: 'ENOENT',
  syscall: 'open',
  path: '/Users/oliver/gh/neuros/.next/routes-manifest.json'
}
 ⨯ [Error: ENOENT: no such file or directory, open '/Users/oliver/gh/neuros/.next/routes-manifest.json'] {
  errno: -2,
  code: 'ENOENT',
  syscall: 'open',
  path: '/Users/oliver/gh/neuros/.next/routes-manifest.json'
}
 GET /_next/static/chunks/fallback/webpack.js 500 in 661ms
 GET /_next/static/chunks/fallback/react-refresh.js 500 in 660ms
 GET /_next/static/chunks/fallback/main.js 500 in 660ms
 GET /_next/static/chunks/fallback/pages/_app.js 500 in 659ms
 GET /_next/static/chunks/fallback/pages/_error.js 500 in 659ms
 ⨯ [Error: ENOENT: no such file or directory, open '/Users/oliver/gh/neuros/.next/routes-manifest.json'] {
  errno: -2,
  code: 'ENOENT',
  syscall: 'open',
  path: '/Users/oliver/gh/neuros/.next/routes-manifest.json'
}
 GET /_next/static/webpack/69ddbe14901882e5.webpack.hot-update.json 500 in 95ms
 ⚠ Fast Refresh had to perform a full reload due to a runtime error.
 ✓ Compiled /favicon.ico in 384ms (1585 modules)
 ⨯ [Error: ENOENT: no such file or directory, open '/Users/oliver/gh/neuros/.next/routes-manifest.json'] {
  errno: -2,
  code: 'ENOENT',
  syscall: 'open',
  path: '/Users/oliver/gh/neuros/.next/routes-manifest.json',
  page: '/favicon.ico'
}
 GET /favicon.ico 500 in 567ms
 ⨯ [Error: ENOENT: no such file or directory, open '/Users/oliver/gh/neuros/.next/routes-manifest.json'] {
  errno: -2,
  code: 'ENOENT',
  syscall: 'open',
  path: '/Users/oliver/gh/neuros/.next/routes-manifest.json',
  page: '/'
}
 ⨯ [Error: ENOENT: no such file or directory, open '/Users/oliver/gh/neuros/.next/server/pages/_document.js'] {
  errno: -2,
  code: 'ENOENT',
  syscall: 'open',
  path: '/Users/oliver/gh/neuros/.next/server/pages/_document.js'
}
 GET / 500 in 609ms
<w> [webpack.cache.PackFileCacheStrategy] Caching failed for pack: Error: ENOENT: no such file or directory, rename '/Users/oliver/gh/neuros/.next/cache/webpack/client-development-fallback/0.pack.gz_' -> '/Users/oliver/gh/neuros/.next/cache/webpack/client-development-fallback/0.pack.gz'
<w> [webpack.cache.PackFileCacheStrategy] Caching failed for pack: Error: ENOENT: no such file or directory, rename '/Users/oliver/gh/neuros/.next/cache/webpack/client-development-fallback/0.pack.gz_' -> '/Users/oliver/gh/neuros/.next/cache/webpack/client-development-fallback/0.pack.gz'

=== Session ended at Wed Aug 13 01:19:52 PDT 2025 ===
