=== Starting neuros at Wed Aug 13 00:55:19 PDT 2025 ===
Command: npm run dev
Log file: /Users/oliver/gh/neuros/logs/neuros_20250813_005519.log
==========================================

> neuros@0.1.0 dev
> next dev

   ▲ Next.js 15.4.6
   - Local:        http://localhost:3000
   - Network:      http://192.168.10.48:3000
   - Environments: .env.local, .env
   - Experiments (use with caution):
     · optimizePackageImports

 ✓ Starting...
 ✓ Ready in 958ms
 ○ Compiling /_not-found ...
 ✓ Compiled /_not-found in 1876ms (1335 modules)
 ⚠ Fast Refresh had to perform a full reload due to a runtime error.
 GET /_next/static/webpack/a296d9f04031fdb6.webpack.hot-update.json 404 in 2177ms
 ⚠ Fast Refresh had to perform a full reload due to a runtime error.
 GET /_next/static/webpack/a296d9f04031fdb6.webpack.hot-update.json 404 in 31ms
 ✓ Compiled /middleware in 638ms (750 modules)
Error: fetch failed
    at context.fetch (/Users/oliver/gh/neuros/node_modules/next/dist/server/web/sandbox/context.js:321:60)
    at eval (webpack-internal:///(middleware)/./node_modules/@supabase/auth-js/dist/module/lib/helpers.js:113:25)
    at _handleRequest (webpack-internal:///(middleware)/./node_modules/@supabase/auth-js/dist/module/lib/fetch.js:115:24)
    at _request (webpack-internal:///(middleware)/./node_modules/@supabase/auth-js/dist/module/lib/fetch.js:105:24)
    at eval (webpack-internal:///(middleware)/./node_modules/@supabase/auth-js/dist/module/GoTrueClient.js:909:82)
    at SupabaseAuthClient._useSession (webpack-internal:///(middleware)/./node_modules/@supabase/auth-js/dist/module/GoTrueClient.js:804:26)
    at async SupabaseAuthClient._getUser (webpack-internal:///(middleware)/./node_modules/@supabase/auth-js/dist/module/GoTrueClient.js:899:20)
    at async eval (webpack-internal:///(middleware)/./node_modules/@supabase/auth-js/dist/module/GoTrueClient.js:886:20)
    at async eval (webpack-internal:///(middleware)/./node_modules/@supabase/auth-js/dist/module/GoTrueClient.js:749:28) {
  
}
 ○ Compiling / ...
 ✓ Compiled / in 1479ms (1836 modules)
[TypeError: fetch failed] {
  [cause]: Error: connect ECONNREFUSED 127.0.0.1:54321
      at <unknown> (Error: connect ECONNREFUSED 127.0.0.1:54321) {
    errno: -61,
    code: 'ECONNREFUSED',
    syscall: 'connect',
    address: '127.0.0.1',
    port: 54321
  }
}
 ⚠ Fast Refresh had to perform a full reload due to a runtime error.
 GET /_next/static/webpack/a296d9f04031fdb6.webpack.hot-update.json 404 in 325ms
 GET / 200 in 1821ms
 ✓ Compiled in 96ms (685 modules)
Error: fetch failed
    at context.fetch (/Users/oliver/gh/neuros/node_modules/next/dist/server/web/sandbox/context.js:321:60)
    at eval (webpack-internal:///(middleware)/./node_modules/@supabase/auth-js/dist/module/lib/helpers.js:113:25)
    at _handleRequest (webpack-internal:///(middleware)/./node_modules/@supabase/auth-js/dist/module/lib/fetch.js:115:24)
    at _request (webpack-internal:///(middleware)/./node_modules/@supabase/auth-js/dist/module/lib/fetch.js:105:24)
    at eval (webpack-internal:///(middleware)/./node_modules/@supabase/auth-js/dist/module/GoTrueClient.js:909:82)
    at SupabaseAuthClient._useSession (webpack-internal:///(middleware)/./node_modules/@supabase/auth-js/dist/module/GoTrueClient.js:804:26)
    at async SupabaseAuthClient._getUser (webpack-internal:///(middleware)/./node_modules/@supabase/auth-js/dist/module/GoTrueClient.js:899:20)
    at async eval (webpack-internal:///(middleware)/./node_modules/@supabase/auth-js/dist/module/GoTrueClient.js:886:20)
    at async eval (webpack-internal:///(middleware)/./node_modules/@supabase/auth-js/dist/module/GoTrueClient.js:749:28) {
  
}
[TypeError: fetch failed] {
  [cause]: Error: connect ECONNREFUSED 127.0.0.1:54321
      at <unknown> (Error: connect ECONNREFUSED 127.0.0.1:54321) {
    errno: -61,
    code: 'ECONNREFUSED',
    syscall: 'connect',
    address: '127.0.0.1',
    port: 54321
  }
}
 GET / 200 in 11ms
Error: fetch failed
    at context.fetch (/Users/oliver/gh/neuros/node_modules/next/dist/server/web/sandbox/context.js:321:60)
    at eval (webpack-internal:///(middleware)/./node_modules/@supabase/auth-js/dist/module/lib/helpers.js:113:25)
    at _handleRequest (webpack-internal:///(middleware)/./node_modules/@supabase/auth-js/dist/module/lib/fetch.js:115:24)
    at _request (webpack-internal:///(middleware)/./node_modules/@supabase/auth-js/dist/module/lib/fetch.js:105:24)
    at eval (webpack-internal:///(middleware)/./node_modules/@supabase/auth-js/dist/module/GoTrueClient.js:909:82)
    at SupabaseAuthClient._useSession (webpack-internal:///(middleware)/./node_modules/@supabase/auth-js/dist/module/GoTrueClient.js:804:26)
    at async SupabaseAuthClient._getUser (webpack-internal:///(middleware)/./node_modules/@supabase/auth-js/dist/module/GoTrueClient.js:899:20)
    at async eval (webpack-internal:///(middleware)/./node_modules/@supabase/auth-js/dist/module/GoTrueClient.js:886:20)
    at async eval (webpack-internal:///(middleware)/./node_modules/@supabase/auth-js/dist/module/GoTrueClient.js:749:28) {
  
}
 ○ Compiling /dashboard ...
 ✓ Compiled /dashboard in 1307ms (3206 modules)
 ⨯ [Error: ENOENT: no such file or directory, open '/Users/oliver/gh/neuros/.next/routes-manifest.json'] {
  errno: -2,
  code: 'ENOENT',
  syscall: 'open',
  path: '/Users/oliver/gh/neuros/.next/routes-manifest.json',
  page: '/dashboard'
}
 ○ Compiling /_error ...
 ✓ Compiled /_error in 561ms (3534 modules)
 ⨯ [Error: ENOENT: no such file or directory, open '/Users/oliver/gh/neuros/.next/routes-manifest.json'] {
  errno: -2,
  code: 'ENOENT',
  syscall: 'open',
  path: '/Users/oliver/gh/neuros/.next/routes-manifest.json'
}
 GET /dashboard 500 in 3074ms
Error: fetch failed
    at context.fetch (/Users/oliver/gh/neuros/node_modules/next/dist/server/web/sandbox/context.js:321:60)
    at eval (webpack-internal:///(middleware)/./node_modules/@supabase/auth-js/dist/module/lib/helpers.js:113:25)
    at _handleRequest (webpack-internal:///(middleware)/./node_modules/@supabase/auth-js/dist/module/lib/fetch.js:115:24)
    at _request (webpack-internal:///(middleware)/./node_modules/@supabase/auth-js/dist/module/lib/fetch.js:105:24)
    at eval (webpack-internal:///(middleware)/./node_modules/@supabase/auth-js/dist/module/GoTrueClient.js:909:82)
    at SupabaseAuthClient._useSession (webpack-internal:///(middleware)/./node_modules/@supabase/auth-js/dist/module/GoTrueClient.js:804:26)
    at async SupabaseAuthClient._getUser (webpack-internal:///(middleware)/./node_modules/@supabase/auth-js/dist/module/GoTrueClient.js:899:20)
    at async eval (webpack-internal:///(middleware)/./node_modules/@supabase/auth-js/dist/module/GoTrueClient.js:886:20)
    at async eval (webpack-internal:///(middleware)/./node_modules/@supabase/auth-js/dist/module/GoTrueClient.js:749:28) {
  
}
 ⨯ [Error: ENOENT: no such file or directory, open '/Users/oliver/gh/neuros/.next/routes-manifest.json'] {
  errno: -2,
  code: 'ENOENT',
  syscall: 'open',
  path: '/Users/oliver/gh/neuros/.next/routes-manifest.json',
  page: '/dashboard'
}
 ⨯ [Error: ENOENT: no such file or directory, open '/Users/oliver/gh/neuros/.next/routes-manifest.json'] {
  errno: -2,
  code: 'ENOENT',
  syscall: 'open',
  path: '/Users/oliver/gh/neuros/.next/routes-manifest.json'
}
 GET /dashboard 500 in 648ms
Error: fetch failed
    at context.fetch (/Users/oliver/gh/neuros/node_modules/next/dist/server/web/sandbox/context.js:321:60)
    at eval (webpack-internal:///(middleware)/./node_modules/@supabase/auth-js/dist/module/lib/helpers.js:113:25)
    at _handleRequest (webpack-internal:///(middleware)/./node_modules/@supabase/auth-js/dist/module/lib/fetch.js:115:24)
    at _request (webpack-internal:///(middleware)/./node_modules/@supabase/auth-js/dist/module/lib/fetch.js:105:24)
    at eval (webpack-internal:///(middleware)/./node_modules/@supabase/auth-js/dist/module/GoTrueClient.js:909:82)
    at SupabaseAuthClient._useSession (webpack-internal:///(middleware)/./node_modules/@supabase/auth-js/dist/module/GoTrueClient.js:804:26)
    at async SupabaseAuthClient._getUser (webpack-internal:///(middleware)/./node_modules/@supabase/auth-js/dist/module/GoTrueClient.js:899:20)
    at async eval (webpack-internal:///(middleware)/./node_modules/@supabase/auth-js/dist/module/GoTrueClient.js:886:20)
    at async eval (webpack-internal:///(middleware)/./node_modules/@supabase/auth-js/dist/module/GoTrueClient.js:749:28) {
  
}
 ⨯ [Error: ENOENT: no such file or directory, open '/Users/oliver/gh/neuros/.next/routes-manifest.json'] {
  errno: -2,
  code: 'ENOENT',
  syscall: 'open',
  path: '/Users/oliver/gh/neuros/.next/routes-manifest.json',
  page: '/dashboard'
}
Error: fetch failed
    at context.fetch (/Users/oliver/gh/neuros/node_modules/next/dist/server/web/sandbox/context.js:321:60)
    at eval (webpack-internal:///(middleware)/./node_modules/@supabase/auth-js/dist/module/lib/helpers.js:113:25)
    at _handleRequest (webpack-internal:///(middleware)/./node_modules/@supabase/auth-js/dist/module/lib/fetch.js:115:24)
    at _request (webpack-internal:///(middleware)/./node_modules/@supabase/auth-js/dist/module/lib/fetch.js:105:24)
    at eval (webpack-internal:///(middleware)/./node_modules/@supabase/auth-js/dist/module/GoTrueClient.js:909:82)
    at SupabaseAuthClient._useSession (webpack-internal:///(middleware)/./node_modules/@supabase/auth-js/dist/module/GoTrueClient.js:804:26)
    at async SupabaseAuthClient._getUser (webpack-internal:///(middleware)/./node_modules/@supabase/auth-js/dist/module/GoTrueClient.js:899:20)
    at async eval (webpack-internal:///(middleware)/./node_modules/@supabase/auth-js/dist/module/GoTrueClient.js:886:20)
    at async eval (webpack-internal:///(middleware)/./node_modules/@supabase/auth-js/dist/module/GoTrueClient.js:749:28) {
  
}
 ⨯ [Error: ENOENT: no such file or directory, open '/Users/oliver/gh/neuros/.next/routes-manifest.json'] {
  errno: -2,
  code: 'ENOENT',
  syscall: 'open',
  path: '/Users/oliver/gh/neuros/.next/routes-manifest.json',
  page: '/dashboard'
}
 ⨯ [Error: ENOENT: no such file or directory, open '/Users/oliver/gh/neuros/.next/routes-manifest.json'] {
  errno: -2,
  code: 'ENOENT',
  syscall: 'open',
  path: '/Users/oliver/gh/neuros/.next/routes-manifest.json'
}
 GET /dashboard 500 in 387ms
 ⨯ [Error: ENOENT: no such file or directory, open '/Users/oliver/gh/neuros/.next/routes-manifest.json'] {
  errno: -2,
  code: 'ENOENT',
  syscall: 'open',
  path: '/Users/oliver/gh/neuros/.next/routes-manifest.json'
}
 GET /dashboard 500 in 330ms
Error: fetch failed
    at context.fetch (/Users/oliver/gh/neuros/node_modules/next/dist/server/web/sandbox/context.js:321:60)
    at eval (webpack-internal:///(middleware)/./node_modules/@supabase/auth-js/dist/module/lib/helpers.js:113:25)
    at _handleRequest (webpack-internal:///(middleware)/./node_modules/@supabase/auth-js/dist/module/lib/fetch.js:115:24)
    at _request (webpack-internal:///(middleware)/./node_modules/@supabase/auth-js/dist/module/lib/fetch.js:105:24)
    at eval (webpack-internal:///(middleware)/./node_modules/@supabase/auth-js/dist/module/GoTrueClient.js:909:82)
    at SupabaseAuthClient._useSession (webpack-internal:///(middleware)/./node_modules/@supabase/auth-js/dist/module/GoTrueClient.js:804:26)
    at async SupabaseAuthClient._getUser (webpack-internal:///(middleware)/./node_modules/@supabase/auth-js/dist/module/GoTrueClient.js:899:20)
    at async eval (webpack-internal:///(middleware)/./node_modules/@supabase/auth-js/dist/module/GoTrueClient.js:886:20)
    at async eval (webpack-internal:///(middleware)/./node_modules/@supabase/auth-js/dist/module/GoTrueClient.js:749:28) {
  
}
 ⨯ [Error: ENOENT: no such file or directory, open '/Users/oliver/gh/neuros/.next/routes-manifest.json'] {
  errno: -2,
  code: 'ENOENT',
  syscall: 'open',
  path: '/Users/oliver/gh/neuros/.next/routes-manifest.json',
  page: '/dashboard'
}
 ⨯ [Error: ENOENT: no such file or directory, open '/Users/oliver/gh/neuros/.next/routes-manifest.json'] {
  errno: -2,
  code: 'ENOENT',
  syscall: 'open',
  path: '/Users/oliver/gh/neuros/.next/routes-manifest.json'
}
 GET /dashboard 500 in 301ms
 ✓ Compiled in 144ms (1450 modules)
Error: fetch failed
    at context.fetch (/Users/oliver/gh/neuros/node_modules/next/dist/server/web/sandbox/context.js:321:60)
    at eval (webpack-internal:///(middleware)/./node_modules/@supabase/auth-js/dist/module/lib/helpers.js:113:25)
    at _handleRequest (webpack-internal:///(middleware)/./node_modules/@supabase/auth-js/dist/module/lib/fetch.js:115:24)
    at _request (webpack-internal:///(middleware)/./node_modules/@supabase/auth-js/dist/module/lib/fetch.js:105:24)
    at eval (webpack-internal:///(middleware)/./node_modules/@supabase/auth-js/dist/module/GoTrueClient.js:909:82)
    at SupabaseAuthClient._useSession (webpack-internal:///(middleware)/./node_modules/@supabase/auth-js/dist/module/GoTrueClient.js:804:26)
    at async SupabaseAuthClient._getUser (webpack-internal:///(middleware)/./node_modules/@supabase/auth-js/dist/module/GoTrueClient.js:899:20)
    at async eval (webpack-internal:///(middleware)/./node_modules/@supabase/auth-js/dist/module/GoTrueClient.js:886:20)
    at async eval (webpack-internal:///(middleware)/./node_modules/@supabase/auth-js/dist/module/GoTrueClient.js:749:28) {
  
}
 ⨯ [Error: ENOENT: no such file or directory, open '/Users/oliver/gh/neuros/.next/routes-manifest.json'] {
  errno: -2,
  code: 'ENOENT',
  syscall: 'open',
  path: '/Users/oliver/gh/neuros/.next/routes-manifest.json'
}
 GET /_next/static/webpack/a296d9f04031fdb6.webpack.hot-update.json 500 in 81ms
 ⚠ Fast Refresh had to perform a full reload due to a runtime error.
 ⨯ [Error: ENOENT: no such file or directory, open '/Users/oliver/gh/neuros/.next/routes-manifest.json'] {
  errno: -2,
  code: 'ENOENT',
  syscall: 'open',
  path: '/Users/oliver/gh/neuros/.next/routes-manifest.json',
  page: '/dashboard'
}
 ⨯ [Error: ENOENT: no such file or directory, open '/Users/oliver/gh/neuros/.next/routes-manifest.json'] {
  errno: -2,
  code: 'ENOENT',
  syscall: 'open',
  path: '/Users/oliver/gh/neuros/.next/routes-manifest.json'
}
 GET /dashboard 500 in 462ms
 ✓ Compiled in 130ms (1450 modules)
Error: fetch failed
    at context.fetch (/Users/oliver/gh/neuros/node_modules/next/dist/server/web/sandbox/context.js:321:60)
    at eval (webpack-internal:///(middleware)/./node_modules/@supabase/auth-js/dist/module/lib/helpers.js:113:25)
    at _handleRequest (webpack-internal:///(middleware)/./node_modules/@supabase/auth-js/dist/module/lib/fetch.js:115:24)
    at _request (webpack-internal:///(middleware)/./node_modules/@supabase/auth-js/dist/module/lib/fetch.js:105:24)
    at eval (webpack-internal:///(middleware)/./node_modules/@supabase/auth-js/dist/module/GoTrueClient.js:909:82)
    at SupabaseAuthClient._useSession (webpack-internal:///(middleware)/./node_modules/@supabase/auth-js/dist/module/GoTrueClient.js:804:26)
    at async SupabaseAuthClient._getUser (webpack-internal:///(middleware)/./node_modules/@supabase/auth-js/dist/module/GoTrueClient.js:899:20)
    at async eval (webpack-internal:///(middleware)/./node_modules/@supabase/auth-js/dist/module/GoTrueClient.js:886:20)
    at async eval (webpack-internal:///(middleware)/./node_modules/@supabase/auth-js/dist/module/GoTrueClient.js:749:28) {
  
}
 ⨯ [Error: ENOENT: no such file or directory, open '/Users/oliver/gh/neuros/.next/routes-manifest.json'] {
  errno: -2,
  code: 'ENOENT',
  syscall: 'open',
  path: '/Users/oliver/gh/neuros/.next/routes-manifest.json'
}
 GET /_next/static/webpack/a296d9f04031fdb6.webpack.hot-update.json 500 in 93ms
 ⚠ Fast Refresh had to perform a full reload due to a runtime error.
 ⨯ [Error: ENOENT: no such file or directory, open '/Users/oliver/gh/neuros/.next/routes-manifest.json'] {
  errno: -2,
  code: 'ENOENT',
  syscall: 'open',
  path: '/Users/oliver/gh/neuros/.next/routes-manifest.json',
  page: '/dashboard'
}
 GET /dashboard 500 in 166ms
Error: fetch failed
    at context.fetch (/Users/oliver/gh/neuros/node_modules/next/dist/server/web/sandbox/context.js:321:60)
    at eval (webpack-internal:///(middleware)/./node_modules/@supabase/auth-js/dist/module/lib/helpers.js:113:25)
    at _handleRequest (webpack-internal:///(middleware)/./node_modules/@supabase/auth-js/dist/module/lib/fetch.js:115:24)
    at _request (webpack-internal:///(middleware)/./node_modules/@supabase/auth-js/dist/module/lib/fetch.js:105:24)
    at eval (webpack-internal:///(middleware)/./node_modules/@supabase/auth-js/dist/module/GoTrueClient.js:909:82)
    at SupabaseAuthClient._useSession (webpack-internal:///(middleware)/./node_modules/@supabase/auth-js/dist/module/GoTrueClient.js:804:26)
    at async SupabaseAuthClient._getUser (webpack-internal:///(middleware)/./node_modules/@supabase/auth-js/dist/module/GoTrueClient.js:899:20)
    at async eval (webpack-internal:///(middleware)/./node_modules/@supabase/auth-js/dist/module/GoTrueClient.js:886:20)
    at async eval (webpack-internal:///(middleware)/./node_modules/@supabase/auth-js/dist/module/GoTrueClient.js:749:28) {
  
}
 ⨯ [Error: ENOENT: no such file or directory, open '/Users/oliver/gh/neuros/.next/routes-manifest.json'] {
  errno: -2,
  code: 'ENOENT',
  syscall: 'open',
  path: '/Users/oliver/gh/neuros/.next/routes-manifest.json',
  page: '/dashboard'
}
 ⨯ [Error: ENOENT: no such file or directory, open '/Users/oliver/gh/neuros/.next/routes-manifest.json'] {
  errno: -2,
  code: 'ENOENT',
  syscall: 'open',
  path: '/Users/oliver/gh/neuros/.next/routes-manifest.json'
}
 ⨯ [Error: ENOENT: no such file or directory, open '/Users/oliver/gh/neuros/.next/routes-manifest.json'] {
  errno: -2,
  code: 'ENOENT',
  syscall: 'open',
  path: '/Users/oliver/gh/neuros/.next/routes-manifest.json'
}
 GET /dashboard 500 in 323ms

=== Session ended at Wed Aug 13 00:56:03 PDT 2025 ===
